[debug] > Exec(early(addDefaultCommands), None, None)
[debug] > Exec(addDefaultCommands, None, None)
[debug] > Exec(early(initialize), None, None)
[debug] > Exec(initialize, None, None)
[debug] > Exec(boot, None, None)
[debug] > Exec(writeSbtVersion, None, None)
[debug] > Exec(reload, None, None)
[debug] > Exec(sbtStashOnFailure, None, None)
[debug] > Exec(onFailure loadFailed, None, None)
[debug] > Exec(loadp, None, None)
[info] welcome to sbt 1.7.1 (Oracle Corporation Java 1.8.0_261)
[debug] Load.defaultLoad until apply took 69.645942ms
[debug]                 Load.loadUnit: plugins took 77.658411ms
[debug]                 Load.loadUnit: defsScala took 0.301717ms
[debug] [Loading] Scanning directory /Users/Everett/Desktop/CS111/artifact-everettbu/artifact-everettbu/project/project
[debug]                   Load.loadUnit: mkEval took 6.90523ms
[debug] [Loading] Found non-root projects 
[debug] [Loading] Done in /Users/Everett/Desktop/CS111/artifact-everettbu/artifact-everettbu/project/project, returning: ()
[debug] deducing auto plugins based on known facts Set(Atom(sbt.plugins.CorePlugin)) and clauses Clauses(Clause(Atom(sbt.plugins.JvmPlugin),Set(Atom(sbt.plugins.IvyPlugin)))
[debug] Clause(Atom(sbt.ScriptedPlugin),Set(Atom(sbt.plugins.JvmPlugin)))
[debug] Clause(Atom(sbt.plugins.SbtPlugin),Set(Atom(sbt.ScriptedPlugin)))
[debug] Clause(Atom(sbt.plugins.SemanticdbPlugin),Set(Atom(sbt.plugins.JvmPlugin)))
[debug] Clause(Atom(sbt.plugins.JUnitXmlReportPlugin),Set(Atom(sbt.plugins.JvmPlugin)))
[debug] Clause(Atom(sbt.plugins.MiniDependencyTreePlugin),Set(Atom(sbt.plugins.JvmPlugin)))
[debug] Clause(Atom(sbt.plugins.CorePlugin),Set(Atom(sbt.plugins.IvyPlugin)))
[debug] Clause(Atom(sbt.plugins.IvyPlugin),Set(Atom(sbt.plugins.JvmPlugin)))
[debug] Clause(Atom(sbt.plugins.JvmPlugin),Set(Atom(sbt.plugins.SemanticdbPlugin)))
[debug] Clause(Atom(sbt.plugins.JvmPlugin),Set(Atom(sbt.plugins.JUnitXmlReportPlugin)))
[debug] Clause(Atom(sbt.plugins.CorePlugin),Set(Atom(sbt.plugins.Giter8TemplatePlugin)))
[debug] Clause(Atom(sbt.plugins.JvmPlugin),Set(Atom(sbt.plugins.MiniDependencyTreePlugin))))
[debug]   :: deduced result: Matched(sbt.plugins.CorePlugin,sbt.plugins.Giter8TemplatePlugin,sbt.plugins.IvyPlugin,sbt.plugins.JvmPlugin,sbt.plugins.MiniDependencyTreePlugin,sbt.plugins.JUnitXmlReportPlugin,sbt.plugins.SemanticdbPlugin)
[debug] Plugins.deducer#function took 17.124917 ms
[info] loading settings for project artifact-everettbu-build-build from metals.sbt ...
[debug]                     Load.resolveProject(artifact-everettbu-build-build) took 47.920779ms
[debug]                   Load.loadTransitive: finalizeProject(Project(id artifact-everettbu-build-build, base: /Users/Everett/Desktop/CS111/artifact-everettbu/artifact-everettbu/project/project, plugins: List(<none>))) took 93.980844ms
[debug] [Loading] Done in /Users/Everett/Desktop/CS111/artifact-everettbu/artifact-everettbu/project/project, returning: (artifact-everettbu-build-build)
[debug]                 Load.loadUnit: loadedProjectsRaw took 763.582952ms
[debug]                 Load.loadUnit: cleanEvalClasses took 7.09099ms
[debug]               Load.loadUnit(file:/Users/Everett/Desktop/CS111/artifact-everettbu/artifact-everettbu/project/project/, ...) took 853.459733ms
[debug]             Load.apply: load took 1205.240953ms
[debug]             Load.apply: resolveProjects took 8.950178ms
[debug]             Load.apply: finalTransforms took 87.732671ms
[debug]             Load.apply: config.delegates took 8.530068ms
[debug]             Load.apply: Def.make(settings)... took 473.756547ms
[debug]             Load.apply: structureIndex took 99.755729ms
[debug]             Load.apply: mkStreams took 1.326726ms
[info] loading project definition from /Users/Everett/Desktop/CS111/artifact-everettbu/artifact-everettbu/project/project
[debug] Running task... Cancel: Signal, check cycles: false, forcegc: true
[debug]           Load.loadUnit: plugins took 2733.408225ms
[debug]           Load.loadUnit: defsScala took 0.003506ms
[debug] [Loading] Scanning directory /Users/Everett/Desktop/CS111/artifact-everettbu/artifact-everettbu/project
[debug]             Load.loadUnit: mkEval took 0.29875ms
[debug] [Loading] Found non-root projects 
[debug] [Loading] Done in /Users/Everett/Desktop/CS111/artifact-everettbu/artifact-everettbu/project, returning: ()
[debug] deducing auto plugins based on known facts Set(Atom(sbt.plugins.CorePlugin)) and clauses Clauses(Clause(Atom(sbt.plugins.JvmPlugin),Set(Atom(sbt.plugins.IvyPlugin)))
[debug] Clause(Atom(sbt.ScriptedPlugin),Set(Atom(sbt.plugins.JvmPlugin)))
[debug] Clause(Atom(sbt.plugins.SbtPlugin),Set(Atom(sbt.ScriptedPlugin)))
[debug] Clause(Atom(sbt.plugins.SemanticdbPlugin),Set(Atom(sbt.plugins.JvmPlugin)))
[debug] Clause(Atom(sbt.plugins.JUnitXmlReportPlugin),Set(Atom(sbt.plugins.JvmPlugin)))
[debug] Clause(Atom(sbt.plugins.MiniDependencyTreePlugin),Set(Atom(sbt.plugins.JvmPlugin)))
[debug] Clause(Atom(bloop.integrations.sbt.BloopPlugin),Set(Atom(sbt.plugins.JvmPlugin)))
[debug] Clause(Atom(sbt.plugins.CorePlugin),Set(Atom(sbt.plugins.IvyPlugin)))
[debug] Clause(Atom(sbt.plugins.IvyPlugin),Set(Atom(sbt.plugins.JvmPlugin)))
[debug] Clause(Atom(sbt.plugins.JvmPlugin),Set(Atom(sbt.plugins.SemanticdbPlugin)))
[debug] Clause(Atom(sbt.plugins.JvmPlugin),Set(Atom(sbt.plugins.JUnitXmlReportPlugin)))
[debug] Clause(Atom(sbt.plugins.CorePlugin),Set(Atom(sbt.plugins.Giter8TemplatePlugin)))
[debug] Clause(Atom(sbt.plugins.JvmPlugin),Set(Atom(sbt.plugins.MiniDependencyTreePlugin)))
[debug] Clause(Atom(sbt.plugins.JvmPlugin),Set(Atom(bloop.integrations.sbt.BloopPlugin))))
[debug]   :: deduced result: Matched(sbt.plugins.CorePlugin,sbt.plugins.Giter8TemplatePlugin,sbt.plugins.IvyPlugin,sbt.plugins.JvmPlugin,bloop.integrations.sbt.BloopPlugin,sbt.plugins.MiniDependencyTreePlugin,sbt.plugins.JUnitXmlReportPlugin,sbt.plugins.SemanticdbPlugin)
[debug] Plugins.deducer#function took 2.769038 ms
[info] loading settings for project artifact-everettbu-build from metals.sbt ...
[debug]               Load.resolveProject(artifact-everettbu-build) took 18.632833ms
[debug]             Load.loadTransitive: finalizeProject(Project(id artifact-everettbu-build, base: /Users/Everett/Desktop/CS111/artifact-everettbu/artifact-everettbu/project, plugins: List(<none>))) took 22.003371ms
[debug] [Loading] Done in /Users/Everett/Desktop/CS111/artifact-everettbu/artifact-everettbu/project, returning: (artifact-everettbu-build)
[debug]           Load.loadUnit: loadedProjectsRaw took 40.611534ms
[debug]           Load.loadUnit: cleanEvalClasses took 0.766757ms
[debug]         Load.loadUnit(file:/Users/Everett/Desktop/CS111/artifact-everettbu/artifact-everettbu/project/, ...) took 2778.045474ms
[debug]       Load.apply: load took 2779.514674ms
[debug]       Load.apply: resolveProjects took 0.109742ms
[debug]       Load.apply: finalTransforms took 12.110152ms
[debug]       Load.apply: config.delegates took 0.396342ms
[debug]       Load.apply: Def.make(settings)... took 82.287907ms
[debug]       Load.apply: structureIndex took 22.343645ms
[debug]       Load.apply: mkStreams took 0.00304ms
[info] loading project definition from /Users/Everett/Desktop/CS111/artifact-everettbu/artifact-everettbu/project
[debug] Evaluating tasks: bloopInstall
[debug] Running task... Cancel: Signal, check cycles: false, forcegc: true
